<?xml version="1.0" encoding="UTF-8"?>
<!-- Generated by org.testng.reporters.JUnitXMLReporter -->
<testsuite ignored="0" hostname="HB11536" failures="0" tests="3" name="Default test" time="17.561" errors="0" timestamp="2022-03-30T13:31:25 EDT">
  <testcase classname="script.Swaglabs" name="LoginWithWrongData" time="3.303"/>
  <testcase classname="script.Swaglabs" name="LoginWithRightData" time="2.354"/>
  <testcase classname="script.Swaglabs" name="addtocart" time="10.444"/>
</testsuite> <!-- Default test -->
