<?xml version="1.0" encoding="UTF-8"?>
<!-- Generated by org.testng.reporters.JUnitXMLReporter -->
<testsuite ignored="0" hostname="HB11536" failures="0" tests="12" name="Default test" time="51.142" errors="0" timestamp="2022-03-31T11:57:16 EDT">
  <testcase classname="script.Swaglabs" name="LoginWithWrongData" time="3.289"/>
  <testcase classname="script.Swaglabs" name="LoginWithRightData" time="2.36"/>
  <testcase classname="script.Swaglabs" name="dropdown" time="4.097"/>
  <testcase classname="script.Swaglabs" name="addtocart" time="14.676"/>
  <testcase classname="script.Swaglabs" name="cart" time="1.099"/>
  <testcase classname="script.Swaglabs" name="removefromcart" time="8.238"/>
  <testcase classname="script.Swaglabs" name="continueshopping" time="4.174"/>
  <testcase classname="script.Swaglabs" name="checkout" time="2.076"/>
  <testcase classname="script.Swaglabs" name="information" time="3.344"/>
  <testcase classname="script.Swaglabs" name="continuecheckout" time="2.118"/>
  <testcase classname="script.Swaglabs" name="finish" time="2.098"/>
  <testcase classname="script.Swaglabs" name="backtohome" time="2.101"/>
</testsuite> <!-- Default test -->
